<?xml version="1.0" encoding="UTF-8"?>
<!-- Generated by org.testng.reporters.JUnitReportReporter -->
<testsuite skipped="0" hostname="DESKTOP-I3BGM4H" name="testcases.CarNameAndPriceTest" tests="3" failures="0" timestamp="26 Nov 2021 16:57:02 GMT" time="52.740" errors="0">
  <testcase name="carNameAndPrice" time="17.728" classname="testcases.CarNameAndPriceTest"/>
  <testcase name="carNameAndPrice" time="17.766" classname="testcases.CarNameAndPriceTest"/>
  <testcase name="carNameAndPrice" time="17.246" classname="testcases.CarNameAndPriceTest"/>
</testsuite> <!-- testcases.CarNameAndPriceTest -->
